file ../imp/SCons.include,line 149:
	Configure(confdir = .sconf_temp)
scons: Configure: Checking whether GNU_HASH linking should be disabled...
scons: Configure: ".sconf_temp/conftest_0.c" is up to date.
scons: Configure: The original builder output was:
  |.sconf_temp/conftest_0.c <-
  |  |
  |  |int main(void)
  |  |{ return 0; }
  |  |
  |
scons: Configure: ".sconf_temp/conftest_0.o" is up to date.
scons: Configure: The original builder output was:
  |gcc -o .sconf_temp/conftest_0.o -c -Wall -Werror .sconf_temp/conftest_0.c
  |
scons: Configure: ".sconf_temp/conftest_0" is up to date.
scons: Configure: The original builder output was:
  |gcc -o .sconf_temp/conftest_0 -Wl,--hash-style=sysv .sconf_temp/conftest_0.o
  |
scons: Configure: (cached) yes


