solution index | solution filename | rotation | translation  | match size | match average distance | cluster size | fitting score | RMSD to reference
0||1 0 0 0|0 0 0|0|-1|-1|-1
0||1 0 0 0|20.7353 14.3058 17.8184|0|-1|-1|-1
0||1 0 0 0|19.0829 15.4361 15.195|0|-1|-1|-1
0||1 0 0 0|18.2271 20.4103 12.7603|0|-1|-1|-1
0||1 0 0 0|18.3172 18.4383 11.2954|0|-1|-1|-1
0||1 0 0 0|22.4382 16.7373 16.1001|0|-1|-1|-1
0||1 0 0 0|-22.8573 44.22 22.4278|0|-1|-1|-1
0||1 0 0 0|-22.9513 44.7217 15.6967|0|-1|-1|-1
0||1 0 0 0|-22.1885 46.8027 17.0839|0|-1|-1|-1
0||1 0 0 0|-19.8441 51.391 13.3514|0|-1|-1|-1
0||1 0 0 0|-21.2033 47.6079 18.0759|0|-1|-1|-1
0||1 0 0 0|6.35864 -1.83881 1.63405|0|-1|-1|-1
0||1 0 0 0|-2.66904 -2.87252 -2.01876|0|-1|-1|-1
0||1 0 0 0|-0.600119 -5.93624 5.35557|0|-1|-1|-1
0||1 0 0 0|0.794917 -5.82915 -0.209254|0|-1|-1|-1
0||1 0 0 0|4.5743 -4.46885 -3.41824|0|-1|-1|-1
0||1 0 0 0|-1.10397 28.3747 2.9647|0|-1|-1|-1
0||1 0 0 0|-6.44133 30.2457 8.3057|0|-1|-1|-1
0||1 0 0 0|-5.44758 30.3521 9.23255|0|-1|-1|-1
0||1 0 0 0|-7.04805 26.0105 0.175063|0|-1|-1|-1
0||1 0 0 0|-7.81963 24.5756 9.61366|0|-1|-1|-1
