solution index | solution filename | rotation | translation  | match size | match average distance | cluster size | fitting score | RMSD to reference
0||1 0 0 0|0 0 0|0|-1|-1|-1
0||1 0 0 0|-2.20686 10.6925 9.15348|0|-1|-1|-1
0||1 0 0 0|6.77355 10.3181 13.2572|0|-1|-1|-1
0||1 0 0 0|-0.330784 3.72588 7.18772|0|-1|-1|-1
0||1 0 0 0|3.42958 2.27003 9.08638|0|-1|-1|-1
0||1 0 0 0|2.29417 2.53155 12.6672|0|-1|-1|-1
0||1 0 0 0|-37.4482 35.1661 13.2062|0|-1|-1|-1
0||1 0 0 0|-36.6623 35.8874 7.62992|0|-1|-1|-1
0||1 0 0 0|-41.0981 36.7912 13.5216|0|-1|-1|-1
0||1 0 0 0|-43.6525 34.0353 10.0635|0|-1|-1|-1
0||1 0 0 0|-37.0487 33.1006 13.8559|0|-1|-1|-1
0||1 0 0 0|-16.5331 -16.8123 -3.45614|0|-1|-1|-1
0||1 0 0 0|-11.4161 -9.14386 0.763859|0|-1|-1|-1
0||1 0 0 0|-18.3482 -13.2636 -3.83728|0|-1|-1|-1
0||1 0 0 0|-14.788 -8.84982 -7.40917|0|-1|-1|-1
0||1 0 0 0|-18.5942 -11.8088 -8.45842|0|-1|-1|-1
0||1 0 0 0|-17.0089 20.2071 1.08639|0|-1|-1|-1
0||1 0 0 0|-23.8001 16.7018 1.86222|0|-1|-1|-1
0||1 0 0 0|-18.4298 15.3377 -5.19355|0|-1|-1|-1
0||1 0 0 0|-21.532 19.5842 -1.88465|0|-1|-1|-1
0||1 0 0 0|-22.3882 20.144 4.58557|0|-1|-1|-1
