solution index | solution filename | rotation | translation  | match size | match average distance | cluster size | fitting score | RMSD to reference
0||1 0 0 0|0 0 0|0|-1|-1|-1
0||1 0 0 0|42.2244 -29.167 1.63421|0|-1|-1|-1
0||1 0 0 0|41.0001 -31.6792 -2.65478|0|-1|-1|-1
0||1 0 0 0|46.9381 -22.6227 3.13722|0|-1|-1|-1
0||1 0 0 0|40.855 -26.2292 -1.46387|0|-1|-1|-1
0||1 0 0 0|45.1576 -28.9134 -2.76997|0|-1|-1|-1
0||1 0 0 0|-0.458952 7.81177 5.34055|0|-1|-1|-1
0||1 0 0 0|1.68903 3.93589 -2.70977|0|-1|-1|-1
0||1 0 0 0|-6.34312 -1.29333 0.448948|0|-1|-1|-1
0||1 0 0 0|-4.60727 0.405406 2.9718|0|-1|-1|-1
0||1 0 0 0|-3.30473 2.41838 5.8923|0|-1|-1|-1
0||1 0 0 0|20.8972 -42.0192 -16.137|0|-1|-1|-1
0||1 0 0 0|25.3166 -42.2225 -16.2532|0|-1|-1|-1
0||1 0 0 0|28.5349 -49.4639 -19.2745|0|-1|-1|-1
0||1 0 0 0|28.2558 -48.2537 -14.6946|0|-1|-1|-1
0||1 0 0 0|29.7644 -47.5669 -18.8662|0|-1|-1|-1
0||1 0 0 0|22.2737 -20.1321 -14.5891|0|-1|-1|-1
0||1 0 0 0|23.6206 -15.8008 -9.06886|0|-1|-1|-1
0||1 0 0 0|17.4733 -14.3078 -12.5941|0|-1|-1|-1
0||1 0 0 0|16.5258 -14.6126 -15.3525|0|-1|-1|-1
0||1 0 0 0|19.1682 -12.0271 -12.2639|0|-1|-1|-1
