solution index | solution filename | rotation | translation  | match size | match average distance | cluster size | fitting score | RMSD to reference
0||1 0 0 0|0 0 0|0|-1|-1|-1
0||1 0 0 0|12.3399 -4.2213 13.2435|0|-1|-1|-1
0||1 0 0 0|10.8883 -10.7677 10.2731|0|-1|-1|-1
0||1 0 0 0|20.1622 -10.3563 4.85162|0|-1|-1|-1
0||1 0 0 0|20.2681 -3.17394 4.06189|0|-1|-1|-1
0||1 0 0 0|14.414 -8.36174 13.5628|0|-1|-1|-1
0||1 0 0 0|-24.3546 26.856 14.6439|0|-1|-1|-1
0||1 0 0 0|-23.7371 24.771 16.1723|0|-1|-1|-1
0||1 0 0 0|-28.3928 18.5782 7.89731|0|-1|-1|-1
0||1 0 0 0|-30.6585 27.0612 7.87951|0|-1|-1|-1
0||1 0 0 0|-32.9683 22.9535 12.5276|0|-1|-1|-1
0||1 0 0 0|-1.101 -25.9155 -8.20559|0|-1|-1|-1
0||1 0 0 0|-3.35021 -27.5458 -1.93126|0|-1|-1|-1
0||1 0 0 0|-2.45079 -31.1383 -3.94215|0|-1|-1|-1
0||1 0 0 0|1.82782 -29.0906 -1.56061|0|-1|-1|-1
0||1 0 0 0|-0.60006 -25.7048 -7.75074|0|-1|-1|-1
0||1 0 0 0|-5.7632 -1.15428 1.40432|0|-1|-1|-1
0||1 0 0 0|-1.64959 5.8306 -1.84056|0|-1|-1|-1
0||1 0 0 0|-10.3887 5.37438 -1.29199|0|-1|-1|-1
0||1 0 0 0|-4.50498 0.751451 -3.58179|0|-1|-1|-1
0||1 0 0 0|-5.57457 3.2622 -6.03639|0|-1|-1|-1
