INFO:domino_model:# Thu Apr 12 18:54:41 2012
# SVN 11973 with Boost.FileSystem
# SVN 11973:12083 with OpenCV22

INFO:DominoModel:Creating simplified assembly
INFO:DominoModel:Setting pair score restraint for 3sfdB 3sfdA. k = 0.147524776172, max_score = 1, stddev 2
INFO:DominoModel:Adding restraint B_A weight 1 max_score 1
INFO:DominoModel:Setting pair score restraint for 3sfdB 3sfdC. k = 0.147524776172, max_score = 1, stddev 2
INFO:DominoModel:Adding restraint B_C weight 1 max_score 1
INFO:DominoModel:Setting pair score restraint for 3sfdB 3sfdD. k = 0.147524776172, max_score = 1, stddev 2
INFO:DominoModel:Adding restraint B_D weight 1 max_score 1
INFO:DominoModel:Setting pair score restraint for 3sfdD 3sfdC. k = 0.147524776172, max_score = 1, stddev 2
INFO:DominoModel:Adding restraint D_C weight 1 max_score 1
INFO:DominoModel:Setting cross-linking restraint between 3sfdB 23 - 3sfdA 456
INFO:DominoModel:Adding restraint d_3sfdB23_3sfdA456 weight 100 max_score False
INFO:DominoModel:Setting cross-linking restraint between 3sfdB 241 - 3sfdC 112
INFO:DominoModel:Adding restraint d_3sfdB241_3sfdC112 weight 100 max_score False
INFO:DominoModel:Setting cross-linking restraint between 3sfdB 205 - 3sfdD 37
INFO:DominoModel:Adding restraint d_3sfdB205_3sfdD37 weight 100 max_score False
INFO:DominoModel:Setting cross-linking restraint between 3sfdB 177 - 3sfdD 99
INFO:DominoModel:Adding restraint d_3sfdB177_3sfdD99 weight 100 max_score False
INFO:DominoModel:Setting cross-linking restraint between 3sfdC 95 - 3sfdD 132
INFO:DominoModel:Adding restraint d_3sfdC95_3sfdD132 weight 100 max_score False
INFO:DominoModel:Setting cross-linking restraint between 3sfdC 9 - 3sfdD 37
INFO:DominoModel:Adding restraint d_3sfdC9_3sfdD37 weight 100 max_score False
INFO:DominoModel:Setting cross-linking restraint between 3sfdC 78 - 3sfdD 128
INFO:DominoModel:Adding restraint d_3sfdC78_3sfdD128 weight 100 max_score False
INFO:DominoModel:Setting geometric complementarity restraint cB_A: 3sfdB - 3sfdA
INFO:DominoModel:Adding restraint cB_A weight 0.0001 max_score 10000000000.0
INFO:DominoModel:Setting geometric complementarity restraint cB_C: 3sfdB - 3sfdC
INFO:DominoModel:Adding restraint cB_C weight 0.0001 max_score 10000000000.0
INFO:DominoModel:Setting geometric complementarity restraint cB_D: 3sfdB - 3sfdD
INFO:DominoModel:Adding restraint cB_D weight 0.0001 max_score 10000000000.0
INFO:DominoModel:Adding restraint exc_vol_3sfdA_3sfdB weight 1 max_score 0.0
INFO:DominoModel:Adding restraint exc_vol_3sfdA_3sfdC weight 1 max_score 0.0
INFO:DominoModel:Adding restraint exc_vol_3sfdA_3sfdD weight 1 max_score 0.0
INFO:DominoModel:Adding restraint exc_vol_3sfdB_3sfdC weight 1 max_score 0.0
INFO:DominoModel:Adding restraint exc_vol_3sfdB_3sfdD weight 1 max_score 0.0
INFO:DominoModel:Adding restraint exc_vol_3sfdC_3sfdD weight 1 max_score 0.0
INFO:DominoModel:Adding a em2D restraint: em_images/images.sel
INFO:DominoModel:Adding restraint em2d weight 1000 max_score False
INFO:MonteCarloParticleSates:Setting MonteCarloRelativeMoves
INFO:MonteCarloParticleSates:Running MonteCarlo
INFO:MonteCarloParticleSates:Cycle: 0
INFO:MonteCarloParticleSates:Setting relative movers
INFO:MonteCarloParticleSates:Setting relative movers
INFO:MonteCarloParticleSates:Setting relative movers
INFO:MonteCarloParticleSates:Setting relative movers
INFO:MonteCarloParticleSates:Cycle: 1
INFO:MonteCarloParticleSates:Setting relative movers
INFO:MonteCarloParticleSates:Setting relative movers
INFO:MonteCarloParticleSates:Setting relative movers
INFO:MonteCarloParticleSates:Setting relative movers
INFO:MonteCarloParticleSates:MonteCarlo run finished. Time 40.5472819805
INFO:Database:Creating database
INFO:Database:Creating table results
