 solution index | solution filename | transformation  | match size | match average distance | cluster size | fitting score | RMSD to reference 
0 | fits/1tyq_F_fit_sol_0.pdb | 0.830483 -0.540721 -0.0596111 -0.119858 || (-16.2371, -40.0227, 103.207) | 4 | 2.59745 | 0.493591 | 13.3229
1 | fits/1tyq_F_fit_sol_1.pdb | 0.565999 -0.715563 -0.172234 -0.371416 || (-47.3215, 15.9762, 91.1889) | 4 | 2.59747 | 0.462271 | 23.5524
2 | fits/1tyq_F_fit_sol_2.pdb | 0.853019 -0.469966 -0.140043 -0.178546 || (-42.2958, -52.86, 53.9266) | 4 | 2.59764 | 0.462126 | 36.7465
3 | fits/1tyq_F_fit_sol_3.pdb | 0.785135 -0.539444 -0.245919 -0.179127 || (-5.43491, -54.8833, 77.9108) | 4 | 2.59747 | 0.449055 | 15.3183
4 | fits/1tyq_F_fit_sol_4.pdb | 0.771897 -0.474536 -0.265334 -0.329526 || (-3.19354, -18.056, 34.3406) | 4 | 2.59747 | 0.430456 | 22.245
5 | fits/1tyq_F_fit_sol_5.pdb | 0.556416 -0.718414 -0.283668 -0.306293 || (-32.6697, -20.278, 94.6346) | 4 | 2.59747 | 0.430295 | 23.9729
6 | fits/1tyq_F_fit_sol_6.pdb | 0.796386 -0.551098 -0.14288 -0.20407 || (-31.8348, -23.8192, 83.2669) | 4 | 2.59799 | 0.425167 | 19.5079
7 | fits/1tyq_F_fit_sol_7.pdb | 0.830483 -0.54072 -0.0595979 -0.119867 || (-49.6645, -56.5905, 100.493) | 4 | 2.59761 | 0.421387 | 36.9118
8 | fits/1tyq_F_fit_sol_8.pdb | 0.706227 -0.582817 -0.273242 -0.294801 || (-42.898, -46.6096, 49.9336) | 4 | 2.59764 | 0.418863 | 38.5052
9 | fits/1tyq_F_fit_sol_9.pdb | 0.804341 -0.544288 -0.138832 -0.19368 || (-32.6749, -24.5679, 81.8016) | 4 | 2.59799 | 0.418415 | 21.4072
10 | fits/1tyq_F_fit_sol_10.pdb | 0.830451 -0.540768 -0.0595942 -0.119873 || (-32.2967, -30.9564, 105.6) | 4 | 2.59795 | 0.414552 | 19.823
11 | fits/1tyq_F_fit_sol_11.pdb | 0.786693 -0.571329 -0.0515573 -0.22812 || (-74.778, -29.6872, 95.4266) | 4 | 2.59764 | 0.412957 | 39.7437
12 | fits/1tyq_F_fit_sol_12.pdb | 0.8189 -0.52669 -0.137385 -0.182005 || (-36.0303, -29.276, 83.0919) | 4 | 2.59799 | 0.409346 | 22.1965
13 | fits/1tyq_F_fit_sol_13.pdb | 0.55639 -0.718424 -0.283674 -0.306311 || (-64.3419, -36.3006, 82.8455) | 4 | 2.59764 | 0.377534 | 44.1801
14 | fits/1tyq_F_fit_sol_14.pdb | 0.865177 -0.455382 -0.136404 -0.159655 || (7.12585, -44.5983, 69.3572) | 4 | 2.59748 | 0.369532 | 22.5097
15 | fits/1tyq_F_fit_sol_15.pdb | 0.721254 -0.642688 -0.244133 -0.0845256 || (50.1675, -51.4806, 127.069) | 4 | 2.59744 | 0.366189 | 48.2476
16 | fits/1tyq_F_fit_sol_16.pdb | 0.853032 -0.469946 -0.140039 -0.17854 || (6.39605, -43.413, 66.6826) | 4 | 2.59748 | 0.35538 | 25.8437
17 | fits/1tyq_F_fit_sol_17.pdb | 0.830497 -0.5407 -0.0595969 -0.119856 || (0.522473, -46.4175, 101.448) | 4 | 2.59747 | 0.351441 | 25.1491
18 | fits/1tyq_F_fit_sol_18.pdb | 0.618898 -0.770759 -0.0894765 -0.12202 || (-4.85604, -22.1206, 163.537) | 4 | 2.59747 | 0.305854 | 29.4608
19 | fits/1tyq_F_fit_sol_19.pdb | 0.717725 -0.643667 -0.237393 -0.119199 || (42.9259, -52.5188, 118.341) | 4 | 2.59744 | 0.305336 | 48.9829
20 | fits/1tyq_F_fit_sol_20.pdb | 0.920245 0.351429 0.0409662 0.167241 || (-3.7022, 46.4637, -13.2222) | 4 | 2.59794 | 0.254634 | 22.5678
21 | fits/1tyq_F_fit_sol_21.pdb | 0.786715 -0.571304 -0.0515446 -0.22811 || (-23.8862, -29.545, 101.12) | 4 | 2.59748 | 0.246405 | 24.7399
22 | fits/1tyq_F_fit_sol_22.pdb | 0.739381 -0.612095 -0.136133 -0.245201 || (12.6685, -24.4801, 103.845) | 4 | 2.59745 | 0.245865 | 50.8189
23 | fits/1tyq_F_fit_sol_23.pdb | 0.690145 -0.683491 -0.18322 -0.15156 || (28.6625, -41.795, 129.322) | 4 | 2.59745 | 0.222682 | 50.9176
24 | fits/1tyq_F_fit_sol_24.pdb | 0.622141 -0.746442 -0.14132 -0.189192 || (17.2048, -22.107, 147.254) | 4 | 2.59744 | 0.138968 | 55.0179
25 | fits/1tyq_F_fit_sol_25.pdb | 0.72742 -0.612308 -0.221276 -0.216742 || (-17.2424, -61.1911, 65.7508) | 4 | 2.59746 | 0.0861982 | 42.8192
26 | fits/1tyq_F_fit_sol_26.pdb | 0.725444 -0.621517 -0.215968 -0.202003 || (-18.6654, -66.2537, 75.7673) | 4 | 2.59746 | 0.0815368 | 41.4806
27 | fits/1tyq_F_fit_sol_27.pdb | 0.760933 -0.555121 -0.236209 -0.238804 || (-8.69292, -60.899, 42.8678) | 4 | 2.59746 | 0.0722355 | 44.692
28 | fits/1tyq_F_fit_sol_28.pdb | 0.732518 -0.606087 -0.22014 -0.218207 || (-13.5945, -61.6555, 58.7237) | 4 | 2.59746 | 0.0631748 | 47.4777
29 | fits/1tyq_F_fit_sol_29.pdb | 0.732005 -0.617691 -0.224581 -0.179416 || (-12.7032, -71.9394, 70.7029) | 4 | 2.59746 | 0.048375 | 46.8744
