 solution index | solution filename | transformation  | match size | match average distance | cluster size | fitting score | RMSD to reference 
0 | fits/1tyq_G_fit_sol_0.pdb | 0.920251 -0.274415 -0.13255 0.245489 || (142.731, -62.3876, 18.56) | 3 | 1.22929 | 0.440369 | 71.4636
1 | fits/1tyq_G_fit_sol_1.pdb | 0.968775 -0.0941701 -0.100883 0.205985 || (65.3351, -52.3467, -12.7387) | 3 | 1.22844 | 0.420716 | 29.6869
2 | fits/1tyq_G_fit_sol_2.pdb | 0.968179 -0.112126 -0.0646852 0.214182 || (63.3501, -37.0079, -26.105) | 3 | 3.06814 | 0.402077 | 44.7661
3 | fits/1tyq_G_fit_sol_3.pdb | 0.964285 -0.161064 -0.175844 0.115288 || (67.4036, -47.3216, 12.9322) | 3 | 1.22698 | 0.395818 | 11.6313
4 | fits/1tyq_G_fit_sol_4.pdb | 0.940334 0.133844 -0.194397 0.245088 || (94.2811, 21.7594, -35.2307) | 3 | 3.0675 | 0.381495 | 14.6564
5 | fits/1tyq_G_fit_sol_5.pdb | 0.967355 -0.0316504 -0.0750317 0.239985 || (74.8444, -10.5417, -37.1061) | 3 | 1.22874 | 0.367407 | 42.3833
6 | fits/1tyq_G_fit_sol_6.pdb | 0.948106 0.129386 -0.131167 0.25913 || (86.8139, 22.7033, -35.0956) | 3 | 3.0675 | 0.36315 | 18.443
7 | fits/1tyq_G_fit_sol_7.pdb | 0.964284 -0.161067 -0.175848 0.115286 || (79.0853, -41.1472, -25.2316) | 3 | 1.22874 | 0.360845 | 49.3199
8 | fits/1tyq_G_fit_sol_8.pdb | 0.964282 -0.161075 -0.175848 0.115291 || (65.6511, -67.618, -10.9954) | 3 | 1.22845 | 0.347354 | 39.9748
9 | fits/1tyq_G_fit_sol_9.pdb | 0.967354 -0.0316409 -0.0750266 0.239991 || (72.2471, -41.4489, -26.078) | 3 | 1.22844 | 0.346144 | 33.6327
10 | fits/1tyq_G_fit_sol_10.pdb | 0.964285 -0.161061 -0.175851 0.115279 || (101.781, -36.408, 7.45467) | 3 | 1.22898 | 0.335289 | 41.6301
11 | fits/1tyq_G_fit_sol_11.pdb | 0.968178 -0.112146 -0.0646765 0.214177 || (58.599, -65.5919, -10.4641) | 3 | 3.06806 | 0.329219 | 37.3379
12 | fits/1tyq_G_fit_sol_12.pdb | 0.968775 -0.0941665 -0.100881 0.205988 || (117.839, -15.3673, -23.9887) | 3 | 1.2293 | 0.327568 | 67.9929
13 | fits/1tyq_G_fit_sol_13.pdb | 0.94033 0.133847 -0.194415 0.245085 || (86.029, 21.3225, -31.1047) | 3 | 1.22975 | 0.324113 | 11.1217
14 | fits/1tyq_G_fit_sol_14.pdb | 0.964283 -0.16107 -0.175848 0.115288 || (59.6945, -42.8789, 15.414) | 3 | 1.22973 | 0.31732 | 10.328
15 | fits/1tyq_G_fit_sol_15.pdb | 0.920256 -0.274402 -0.132544 0.245489 || (97.3135, -74.5988, 13.1104) | 3 | 1.22875 | 0.312971 | 49.1573
16 | fits/1tyq_G_fit_sol_16.pdb | 0.968179 -0.112101 -0.0646904 0.214191 || (92.6344, -28.8065, -0.0032451) | 3 | 1.22898 | 0.311475 | 41.5778
17 | fits/1tyq_G_fit_sol_17.pdb | 0.940335 0.13384 -0.194395 0.245088 || (97.1226, 49.272, -64.6645) | 3 | 1.22876 | 0.305915 | 45.7839
18 | fits/1tyq_G_fit_sol_18.pdb | 0.968179 -0.112082 -0.0646841 0.214202 || (55.6982, -42.5862, 17.946) | 3 | 1.22974 | 0.29957 | 6.45943
19 | fits/1tyq_G_fit_sol_19.pdb | 0.968775 -0.0941712 -0.10088 0.205986 || (68.3997, -33.6409, 12.3287) | 3 | 1.22699 | 0.289793 | 7.61539
20 | fits/1tyq_G_fit_sol_20.pdb | 0.968024 -0.0698129 -0.12237 0.207563 || (128.851, -6.87813, -32.2683) | 3 | 1.2293 | 0.279668 | 74.6905
21 | fits/1tyq_G_fit_sol_21.pdb | 0.967355 -0.0316537 -0.0750238 0.239987 || (76.1316, -25.1647, 0.520557) | 3 | 1.22698 | 0.278122 | 14.733
22 | fits/1tyq_G_fit_sol_22.pdb | 0.968023 -0.0698082 -0.122377 0.207562 || (70.685, -25.2171, 5.5546) | 3 | 1.22974 | 0.276955 | 7.32963
23 | fits/1tyq_G_fit_sol_23.pdb | 0.967354 -0.0316386 -0.0750249 0.239992 || (68.6468, -23.3898, 5.6414) | 3 | 1.22973 | 0.243419 | 9.6446
24 | fits/1tyq_G_fit_sol_24.pdb | 0.968024 -0.0698161 -0.122367 0.207562 || (109.003, -9.57194, -7.22271) | 3 | 1.22897 | 0.218092 | 47.0178
25 | fits/1tyq_G_fit_sol_25.pdb | 0.92025 -0.274414 -0.132542 0.2455 || (90.6836, -97.8151, 35.4944) | 3 | 3.06806 | 0.18099 | 40.7
26 | fits/1tyq_G_fit_sol_26.pdb | 0.968178 -0.112144 -0.0646809 0.214176 || (134.819, -53.3566, -38.8356) | 3 | 1.22735 | 0.176775 | 96.3931
27 | fits/1tyq_G_fit_sol_27.pdb | 0.940336 0.133835 -0.194392 0.245088 || (121.83, 45.5986, -33.3243) | 3 | 1.22897 | 0.171219 | 39.6728
28 | fits/1tyq_G_fit_sol_28.pdb | 0.940334 0.133839 -0.194402 0.245087 || (141.67, 60.7437, -53.4634) | 3 | 1.22929 | 0.169673 | 69.1688
29 | fits/1tyq_G_fit_sol_29.pdb | 0.948106 0.129389 -0.131168 0.25913 || (113.41, 47.5589, -37.4818) | 3 | 1.22896 | 0.164298 | 50.2905
