 solution index | solution filename | transformation  | match size | match average distance | cluster size | fitting score | RMSD to reference 
0 | fits/1tyq_A_fit_sol_0.pdb | 0.9554 -0.0112722 0.173812 0.23848 || (32.0281, -50.3957, 41.6271) | 8 | 4.36172 | 0.53349 | 10.2193
1 | fits/1tyq_A_fit_sol_1.pdb | 0.946808 -0.126569 0.163614 0.246506 || (39.7323, -66.3464, 65.7221) | 8 | 4.36173 | 0.525573 | 11.4538
2 | fits/1tyq_A_fit_sol_2.pdb | 0.954129 -0.0202644 0.175555 0.241676 || (-11.2457, -62.1111, 63.1459) | 8 | 4.47342 | 0.525489 | 49.5354
3 | fits/1tyq_A_fit_sol_3.pdb | 0.95414 -0.0202835 0.175543 0.241642 || (29.9256, -52.1307, 40.5012) | 8 | 4.397 | 0.523671 | 10.0292
4 | fits/1tyq_A_fit_sol_4.pdb | 0.959024 -0.00552157 0.184391 0.21504 || (-25.7099, -57.9339, 56.3268) | 8 | 4.47342 | 0.518314 | 53.0027
5 | fits/1tyq_A_fit_sol_5.pdb | 0.946792 -0.126597 0.16359 0.246569 || (36.0626, -67.2529, 61.8628) | 8 | 4.397 | 0.512681 | 11.8579
6 | fits/1tyq_A_fit_sol_6.pdb | 0.956422 0.000921611 0.192624 0.219437 || (21.1736, -51.6484, 38.5718) | 8 | 4.36173 | 0.508874 | 11.207
7 | fits/1tyq_A_fit_sol_7.pdb | 0.932405 0.040706 0.222295 0.282043 || (34.6306, -59.6949, 39.275) | 8 | 4.36173 | 0.507538 | 13.0992
8 | fits/1tyq_A_fit_sol_8.pdb | 0.95847 0.14909 0.0658958 0.234018 || (-15.8596, -27.9673, -7.55215) | 8 | 4.47342 | 0.490193 | 48.7072
9 | fits/1tyq_A_fit_sol_9.pdb | 0.944015 -0.00193781 0.206369 0.257379 || (33.7435, -62.7462, 49.0324) | 8 | 4.36172 | 0.485115 | 14.109
10 | fits/1tyq_A_fit_sol_10.pdb | 0.940169 0.00202798 0.203024 0.273605 || (34.1599, -64.6604, 43.342) | 8 | 4.397 | 0.484542 | 13.811
11 | fits/1tyq_A_fit_sol_11.pdb | 0.938505 0.0369282 0.208723 0.272542 || (28.0385, -58.6618, 33.1489) | 8 | 4.397 | 0.483366 | 14.3041
12 | fits/1tyq_A_fit_sol_12.pdb | 0.956422 0.000880262 0.192584 0.219471 || (17.0959, -51.4043, 35.0639) | 8 | 4.397 | 0.477393 | 14.0645
13 | fits/1tyq_A_fit_sol_13.pdb | 0.970271 0.0318592 0.0795648 0.226338 || (-9.34131, -53.6955, 22.4644) | 8 | 4.47342 | 0.471841 | 46.5901
14 | fits/1tyq_A_fit_sol_14.pdb | 0.932384 0.0406716 0.222229 0.282169 || (47.6718, -40.231, 63.3425) | 8 | 4.55385 | 0.455921 | 33.9224
15 | fits/1tyq_A_fit_sol_15.pdb | 0.964859 -0.0256847 0.0971609 0.242792 || (29.0305, -54.526, 50.1616) | 8 | 4.43457 | 0.452042 | 28.0801
16 | fits/1tyq_A_fit_sol_16.pdb | 0.962422 -0.0516275 0.11427 0.240877 || (25.3859, -56.8808, 61.9903) | 8 | 4.43457 | 0.433852 | 31.4367
17 | fits/1tyq_A_fit_sol_17.pdb | 0.952624 -0.112505 0.107272 0.261426 || (36.3776, -65.9643, 73.5336) | 8 | 4.43456 | 0.424597 | 30.7639
18 | fits/1tyq_A_fit_sol_18.pdb | 0.953114 -0.00251358 0.187638 0.237403 || (36.9415, -31.984, 61.166) | 8 | 4.55385 | 0.41187 | 30.9515
19 | fits/1tyq_A_fit_sol_19.pdb | 0.967471 0.0772411 -0.0198085 0.240086 || (35.0464, -40.367, 4.37302) | 8 | 4.43457 | 0.405761 | 29.1161
20 | fits/1tyq_A_fit_sol_20.pdb | 0.960208 0.141581 0.0712422 0.229955 || (38.7245, -6.48277, 16.8962) | 8 | 4.55385 | 0.405232 | 35.7808
21 | fits/1tyq_A_fit_sol_21.pdb | 0.932394 0.0406683 0.222257 0.282117 || (-6.93048, -74.7425, 62.3191) | 8 | 4.47342 | 0.391524 | 53.683
22 | fits/1tyq_A_fit_sol_22.pdb | 0.968316 0.067096 0.076812 0.227952 || (44.938, -18.9238, 34.8455) | 8 | 4.55386 | 0.38252 | 39.7094
23 | fits/1tyq_A_fit_sol_23.pdb | 0.962433 -0.0581747 0.100488 0.24544 || (52.5583, -80.5485, 7.4702) | 8 | 4.59742 | 0.338826 | 37.8755
24 | fits/1tyq_A_fit_sol_24.pdb | 0.951698 -0.0190664 0.174501 0.251907 || (47.6822, -31.8721, 67.5344) | 8 | 4.55385 | 0.336286 | 39.2565
25 | fits/1tyq_A_fit_sol_25.pdb | 0.961597 -0.0780338 0.122948 0.232651 || (47.3568, -81.8682, 14.0984) | 8 | 4.59742 | 0.327777 | 40.1947
26 | fits/1tyq_A_fit_sol_26.pdb | 0.932373 0.0406807 0.222219 0.282213 || (41.4807, -79.4964, 6.5497) | 8 | 4.59742 | 0.295443 | 42.3375
27 | fits/1tyq_A_fit_sol_27.pdb | 0.953089 -0.0025313 0.18769 0.237462 || (32.7113, -75.4429, 7.37786) | 8 | 4.59742 | 0.280679 | 42.6824
28 | fits/1tyq_A_fit_sol_28.pdb | 0.964566 -0.00815225 0.0870484 0.248936 || (57.9931, -69.9654, -9.39999) | 8 | 4.59742 | 0.27116 | 39.5402
29 | fits/1tyq_A_fit_sol_29.pdb | 0.958876 0.152899 0.0186076 0.238395 || (29.4114, -36.8757, 1.14261) | 8 | 4.43456 | 0.242502 | 32.7194
