 solution index | solution filename | transformation  | match size | match average distance | cluster size | fitting score | RMSD to reference 
0 | fits/1tyq_D_fit_sol_0.pdb | 0.963059 0.0920687 0.15511 0.199955 || (-51.7282, -47.7224, 4.76106) | 6 | 4.1353 | 0.545567 | 68.1849
1 | fits/1tyq_D_fit_sol_1.pdb | 0.971388 0.131648 0.0702375 0.184774 || (-40.4441, -25.5894, -28.1851) | 6 | 4.13532 | 0.541345 | 65.3752
2 | fits/1tyq_D_fit_sol_2.pdb | 0.948978 0.164635 0.0476368 0.264702 || (-18.3742, -36.5206, -47.0568) | 6 | 4.13531 | 0.537333 | 69.0332
3 | fits/1tyq_D_fit_sol_3.pdb | 0.9588 0.201748 0.0670427 0.188431 || (-46.1295, -6.38974, -38.5534) | 6 | 4.13532 | 0.52664 | 68.1519
4 | fits/1tyq_D_fit_sol_4.pdb | 0.931391 0.157426 0.129764 0.301477 || (-22.4642, -60.4398, -24.5551) | 6 | 4.1353 | 0.492124 | 70.0561
5 | fits/1tyq_D_fit_sol_5.pdb | 0.971388 0.131651 0.0702273 0.184775 || (-3.19267, -28.2156, -13.2126) | 6 | 4.12124 | 0.486493 | 28.9177
6 | fits/1tyq_D_fit_sol_6.pdb | 0.950835 0.247684 0.0793915 0.168116 || (-19.4348, 4.41849, -26.0786) | 6 | 4.12124 | 0.477578 | 33.2782
7 | fits/1tyq_D_fit_sol_7.pdb | 0.958798 0.201745 0.0670365 0.188445 || (-8.5854, -11.012, -24.8699) | 6 | 4.12124 | 0.476334 | 31.908
8 | fits/1tyq_D_fit_sol_8.pdb | 0.952208 0.18139 0.131112 0.207865 || (-10.6159, -30.5411, -9.18982) | 6 | 4.12123 | 0.452442 | 31.6023
9 | fits/1tyq_D_fit_sol_9.pdb | 0.931392 0.157364 0.12974 0.301518 || (15.677, -54.1998, -13.2689) | 6 | 4.12122 | 0.425822 | 33.9928
10 | fits/1tyq_D_fit_sol_10.pdb | 0.975869 0.134403 0.0642112 0.159663 || (13.3545, -6.87392, -12.541) | 6 | 4.1655 | 0.422894 | 8.91383
11 | fits/1tyq_D_fit_sol_11.pdb | 0.979202 -0.0392915 0.103693 0.169905 || (0.284704, -66.6797, -1.45392) | 6 | 4.10645 | 0.419454 | 45.3081
12 | fits/1tyq_D_fit_sol_12.pdb | 0.977313 -0.00374658 0.0736272 0.198554 || (11.7362, -58.9416, -19.2233) | 6 | 4.10645 | 0.40621 | 44.1252
13 | fits/1tyq_D_fit_sol_13.pdb | 0.952216 0.181335 0.131091 0.207889 || (10.3971, -11.0966, -3.88428) | 6 | 4.09184 | 0.400728 | 11.1981
14 | fits/1tyq_D_fit_sol_14.pdb | 0.977329 -0.00374658 0.0735826 0.198493 || (23.569, -41.9536, 13.756) | 6 | 4.09185 | 0.394263 | 12.0735
15 | fits/1tyq_D_fit_sol_15.pdb | 0.95532 0.159241 0.0494202 0.244058 || (36.1173, -12.8133, -23.3973) | 6 | 4.1655 | 0.386497 | 11.974
16 | fits/1tyq_D_fit_sol_16.pdb | 0.977885 -0.0241752 0.0935818 0.185467 || (21.9252, -42.8484, 22.871) | 6 | 4.09185 | 0.383175 | 10.9276
17 | fits/1tyq_D_fit_sol_17.pdb | 0.963072 0.0920586 0.155079 0.199918 || (8.15321, -26.4523, 15.6214) | 6 | 4.09184 | 0.377584 | 12.5363
18 | fits/1tyq_D_fit_sol_18.pdb | 0.931396 0.157393 0.129737 0.301492 || (32.6243, -29.5596, -7.91595) | 6 | 4.16549 | 0.376664 | 15.0914
19 | fits/1tyq_D_fit_sol_19.pdb | 0.950842 0.247666 0.0794035 0.168094 || (3.12932, 20.5093, -17.118) | 6 | 4.09183 | 0.373303 | 13.4339
20 | fits/1tyq_D_fit_sol_20.pdb | 0.952204 0.181367 0.131107 0.207906 || (-7.89207, -16.5048, -37.8403) | 6 | 4.10645 | 0.372618 | 42.099
21 | fits/1tyq_D_fit_sol_21.pdb | 0.931382 0.157368 0.129756 0.301539 || (16.8777, -40.1802, -42.0192) | 6 | 4.10644 | 0.365582 | 44.8297
22 | fits/1tyq_D_fit_sol_22.pdb | 0.950837 0.247665 0.0793779 0.168136 || (-61.6989, -21.0904, -40.8623) | 6 | 4.15027 | 0.361301 | 83.3649
23 | fits/1tyq_D_fit_sol_23.pdb | 0.971881 0.161977 -0.0130968 0.170408 || (21.6644, -1.77155, -69.5765) | 6 | 4.10645 | 0.355202 | 40.5569
24 | fits/1tyq_D_fit_sol_24.pdb | 0.971378 0.131652 0.07022 0.184831 || (18.9237, -8.37337, -7.08912) | 6 | 4.1655 | 0.351343 | 11.0273
25 | fits/1tyq_D_fit_sol_25.pdb | 0.948961 0.164645 0.0476909 0.264748 || (36.6142, -12.6033, -21.2194) | 6 | 4.16549 | 0.341597 | 14.6221
26 | fits/1tyq_D_fit_sol_26.pdb | 0.958798 0.201735 0.0670369 0.188457 || (-49.1228, -39.2571, -39.4711) | 6 | 4.15027 | 0.310309 | 82.0037
27 | fits/1tyq_D_fit_sol_27.pdb | 0.951327 0.234032 0.0752324 0.185864 || (-37.6997, -23.844, -21.6722) | 6 | 4.19562 | 0.30317 | 63.0752
28 | fits/1tyq_D_fit_sol_28.pdb | 0.978611 0.0562359 0.0607904 0.188314 || (26.189, -59.8421, -56.0903) | 6 | 4.18041 | 0.260466 | 65.0702
29 | fits/1tyq_D_fit_sol_29.pdb | 0.981994 0.0359235 0.0500399 0.178589 || (26.813, -59.0874, -53.7348) | 6 | 4.18041 | 0.254552 | 63.3043
