 solution index | solution filename | transformation  | match size | match average distance | cluster size | fitting score | RMSD to reference 
0 | fits/1tyq_E_fit_sol_0.pdb | 0.971524 0.0546259 -0.187523 0.134137 || (-23.1712, 3.53516, 2.76128) | 4 | 3.29697 | 0.515605 | 85.0344
1 | fits/1tyq_E_fit_sol_1.pdb | 0.980578 -0.133756 -0.0865011 0.114427 || (-37.7803, -1.62803, 46.5329) | 4 | 3.29697 | 0.432859 | 87.1197
2 | fits/1tyq_E_fit_sol_2.pdb | 0.982124 0.00232895 -0.135664 0.13047 || (-4.34172, 6.82737, 11.6689) | 4 | 3.29471 | 0.424131 | 66.1606
3 | fits/1tyq_E_fit_sol_3.pdb | 0.995414 -0.00789409 -0.0459288 0.083537 || (-18.3189, 18.254, 34.9782) | 4 | 3.29471 | 0.423317 | 67.595
4 | fits/1tyq_E_fit_sol_4.pdb | 0.994677 0 -0.0533178 0.0881713 || (-11.6171, 21.8685, 30.3932) | 4 | 3.29471 | 0.408418 | 66.2394
5 | fits/1tyq_E_fit_sol_5.pdb | 0.988188 0.0959839 -0.0518826 0.107607 || (12.2868, 36.4358, 33.7571) | 4 | 3.29596 | 0.398377 | 75.5662
6 | fits/1tyq_E_fit_sol_6.pdb | 0.988421 -0.0885176 -0.0243722 0.120808 || (-48.9905, -0.698808, 62.9806) | 4 | 3.29697 | 0.383952 | 94.7824
7 | fits/1tyq_E_fit_sol_7.pdb | 0.992014 -0.109978 -0.0566589 0.0245367 || (-3.75115, 17.6219, 18.4946) | 4 | 3.29426 | 0.38359 | 41.7492
8 | fits/1tyq_E_fit_sol_8.pdb | 0.988926 -0.0984736 -0.0546016 0.0966801 || (-17.5752, 13.147, 45.7686) | 4 | 3.29471 | 0.352807 | 73.6569
9 | fits/1tyq_E_fit_sol_9.pdb | 0.967455 -0.229258 -0.0736876 0.0777269 || (-51.6768, -0.33701, 68.0145) | 4 | 3.29697 | 0.351782 | 95.9535
10 | fits/1tyq_E_fit_sol_10.pdb | 0.988123 -0.0752939 -0.0814607 0.106335 || (-13.4033, 14.6159, 37.4823) | 4 | 3.29471 | 0.324699 | 75.1722
11 | fits/1tyq_E_fit_sol_11.pdb | 0.979981 -0.17691 -0.0897724 0.0167588 || (-64.893, 0.960171, 27.4352) | 4 | 3.29552 | 0.324022 | 84.2046
12 | fits/1tyq_E_fit_sol_12.pdb | 0.993052 0.0111986 -0.116972 0.00632296 || (9.13319, 39.8505, -9.53798) | 4 | 3.29427 | 0.320492 | 44.7688
13 | fits/1tyq_E_fit_sol_13.pdb | 0.967883 0.026713 -0.188995 -0.163615 || (18.1133, 48.5232, -41.0379) | 4 | 3.29641 | 0.319863 | 10.0907
14 | fits/1tyq_E_fit_sol_14.pdb | 0.989029 -0.115325 0.0108389 0.091678 || (-8.51386, 7.60179, 33.7368) | 4 | 3.29427 | 0.311559 | 46.4361
15 | fits/1tyq_E_fit_sol_15.pdb | 0.970554 -0.203843 -0.091149 0.0903589 || (22.97, -38.571, 11.4949) | 4 | 3.29385 | 0.311369 | 9.40468
16 | fits/1tyq_E_fit_sol_16.pdb | 0.995414 -0.00790352 -0.0459322 0.0835364 || (6.39848, 34.924, 42.8609) | 4 | 3.29596 | 0.311033 | 77.0636
17 | fits/1tyq_E_fit_sol_17.pdb | 0.968508 -0.237567 -0.048839 0.0562831 || (12.1088, -31.4435, 26.6993) | 4 | 3.29385 | 0.301257 | 11.363
18 | fits/1tyq_E_fit_sol_18.pdb | 0.967543 0.0143151 -0.209354 -0.140808 || (19.2866, 38.1184, -43.8689) | 4 | 3.29642 | 0.29804 | 9.98983
19 | fits/1tyq_E_fit_sol_19.pdb | 0.962607 0.110578 -0.205953 -0.13691 || (25.4661, 57.1559, -53.4091) | 4 | 3.29641 | 0.292452 | 11.1573
20 | fits/1tyq_E_fit_sol_20.pdb | 0.971745 0.0873399 -0.184243 -0.118903 || (16.7244, 42.2398, -46.0826) | 4 | 3.29642 | 0.285393 | 7.65086
21 | fits/1tyq_E_fit_sol_21.pdb | 0.946227 0.025608 -0.274387 -0.169444 || (41.2465, 41.1901, -51.2034) | 4 | 3.29642 | 0.266329 | 14.882
22 | fits/1tyq_E_fit_sol_22.pdb | 0.997779 0.0302252 -0.0588966 0.00741722 || (-8.05731, 46.1205, -1.01005) | 4 | 3.29426 | 0.258589 | 49.7472
23 | fits/1tyq_E_fit_sol_23.pdb | 0.995414 -0.00789598 -0.0459393 0.0835382 || (-49.4152, 23.4702, 10.2283) | 4 | 3.29514 | 0.253324 | 79.6816
24 | fits/1tyq_E_fit_sol_24.pdb | 0.994675 -0 -0.0533344 0.0881867 || (12.819, 38.6658, 38.8755) | 4 | 3.29596 | 0.248797 | 78.681
25 | fits/1tyq_E_fit_sol_25.pdb | 0.988122 -0.0752981 -0.0814712 0.106338 || (-42.4563, 15.1705, 9.87147) | 4 | 3.29514 | 0.23083 | 81.9673
26 | fits/1tyq_E_fit_sol_26.pdb | 0.994675 -0 -0.0533439 0.0881823 || (-42.4327, 27.185, 5.30805) | 4 | 3.29514 | 0.226702 | 77.1115
27 | fits/1tyq_E_fit_sol_27.pdb | 0.980582 -0.133739 -0.086476 0.114429 || (34.877, -30.5878, -3.68175) | 4 | 3.29385 | 0.2247 | 15.5542
28 | fits/1tyq_E_fit_sol_28.pdb | 0.968509 -0.237568 -0.0488678 0.0562504 || (-53.5673, 17.0362, 71.1463) | 4 | 3.29697 | 0.222818 | 97.5322
29 | fits/1tyq_E_fit_sol_29.pdb | 0.987866 -0.101325 -0.0224861 0.115535 || (-45.671, 11.5989, 25.6817) | 4 | 3.29514 | 0.222058 | 80.3931
