 solution index | solution filename | transformation  | match size | match average distance | cluster size | fitting score | RMSD to reference 
0 | fits/1tyq_C_fit_sol_0.pdb | 0.994264 0.0219279 0.0210726 0.102536 || (64.0877, 16.2796, 4.39157) | 7 | 6.07384 | 0.507339 | 59.4744
1 | fits/1tyq_C_fit_sol_1.pdb | 0.999357 0.0220644 0.00542492 0.0277266 || (9.31636, 3.64707, -5.84377) | 7 | 6.08532 | 0.501243 | 8.38526
2 | fits/1tyq_C_fit_sol_2.pdb | 0.977982 0.0232277 0.0786498 -0.191901 || (-31.3998, 37.724, 7.17337) | 7 | 6.06215 | 0.495946 | 8.78911
3 | fits/1tyq_C_fit_sol_3.pdb | 0.999339 0.0245516 0.0249343 0.0098075 || (48.2618, 23.4456, 7.32514) | 7 | 6.07382 | 0.488117 | 55.8955
4 | fits/1tyq_C_fit_sol_4.pdb | 0.983828 -0.149852 0.0980352 0.00394421 || (39.5824, -11.8772, 32.5053) | 7 | 6.0738 | 0.474066 | 54.9554
5 | fits/1tyq_C_fit_sol_5.pdb | 0.99688 0.0477889 0.0551177 -0.0301269 || (-7.77062, 10.2384, -1.11811) | 7 | 6.06214 | 0.473809 | 6.84098
6 | fits/1tyq_C_fit_sol_6.pdb | 0.982802 0.0120157 0.054654 -0.17598 || (-27.9384, 28.0074, 4.10177) | 7 | 6.06215 | 0.472217 | 6.06172
7 | fits/1tyq_C_fit_sol_7.pdb | 0.996883 0.0477967 0.0550942 -0.0300799 || (-7.82783, 10.0885, -2.35242) | 7 | 6.08532 | 0.465283 | 7.38762
8 | fits/1tyq_C_fit_sol_8.pdb | 0.996883 0.047816 0.0550644 -0.0301116 || (41.5297, 22.7978, 5.08812) | 7 | 6.07382 | 0.46151 | 55.9094
9 | fits/1tyq_C_fit_sol_9.pdb | 0.99554 0.0392649 0.0850896 -0.0108278 || (-10.3896, 5.47531, 2.1861) | 7 | 6.08531 | 0.458684 | 8.12916
10 | fits/1tyq_C_fit_sol_10.pdb | 0.960413 -0.23236 0.12345 -0.091515 || (-29.8894, -19.1845, 59.8073) | 7 | 6.06214 | 0.457927 | 11.6779
11 | fits/1tyq_C_fit_sol_11.pdb | 0.983411 -0.150215 0.101572 0.00467069 || (-9.48977, -29.3327, 36.9277) | 7 | 6.06213 | 0.436098 | 9.95674
12 | fits/1tyq_C_fit_sol_12.pdb | 0.996516 -0.0722248 0.0363622 0.0204175 || (19.4097, -2.67331, 34.657) | 7 | 6.10456 | 0.434058 | 32.962
13 | fits/1tyq_C_fit_sol_13.pdb | 0.981578 -0.158225 0.106859 0.00715128 || (10.3103, -14.1328, 56.6332) | 7 | 6.10456 | 0.431883 | 33.7276
14 | fits/1tyq_C_fit_sol_14.pdb | 0.994269 0.0219166 0.0210227 0.102501 || (20.4407, -9.07507, -6.00386) | 7 | 6.08531 | 0.431531 | 12.9998
15 | fits/1tyq_C_fit_sol_15.pdb | 0.978256 -0.134756 0.115129 -0.107711 || (-9.47473, 11.487, 52.7309) | 7 | 6.10466 | 0.426111 | 33.5928
16 | fits/1tyq_C_fit_sol_16.pdb | 0.98329 -0.153013 0.0985345 0.00432446 || (-8.2531, -30.486, 36.4301) | 7 | 6.08532 | 0.425612 | 10.8191
17 | fits/1tyq_C_fit_sol_17.pdb | 0.985329 0.0254416 0.0998658 -0.136036 || (22.1583, 31.113, 11.0631) | 7 | 6.07393 | 0.422415 | 53.6139
18 | fits/1tyq_C_fit_sol_18.pdb | 0.998577 0.0177632 0.0152695 0.0479105 || (23.7092, 11.1402, 21.8096) | 7 | 6.10455 | 0.421209 | 33.0879
19 | fits/1tyq_C_fit_sol_19.pdb | 0.996884 0.0477874 0.0550714 -0.0300868 || (8.15974, 37.3777, -11.8954) | 7 | 6.07991 | 0.416709 | 35.6693
20 | fits/1tyq_C_fit_sol_20.pdb | 0.995129 0.0476221 0.0857079 -0.0102677 || (3.81985, 34.8682, -9.35131) | 7 | 6.0799 | 0.406621 | 35.566
21 | fits/1tyq_C_fit_sol_21.pdb | 0.996882 0.0477998 0.0550828 -0.0301215 || (51.8633, 24.4825, -25.1725) | 7 | 6.06744 | 0.402907 | 71.4093
22 | fits/1tyq_C_fit_sol_22.pdb | 0.994267 0.0219234 0.0210326 0.102519 || (29.5669, 21.1394, -15.6727) | 7 | 6.07982 | 0.402153 | 37.2881
23 | fits/1tyq_C_fit_sol_23.pdb | 0.996728 0.0655084 0.0457169 -0.0123623 || (12.9679, 18.103, 20.0031) | 7 | 6.10455 | 0.398189 | 31.8451
24 | fits/1tyq_C_fit_sol_24.pdb | 0.999289 0.0257542 0.00615699 0.0268421 || (20.9087, 32.8445, -14.9758) | 7 | 6.07991 | 0.382949 | 38.3768
25 | fits/1tyq_C_fit_sol_25.pdb | 0.985321 0.025441 0.099884 -0.136079 || (29.3034, 29.3949, -20.0685) | 7 | 6.06749 | 0.367406 | 68.2599
26 | fits/1tyq_C_fit_sol_26.pdb | 0.984185 -0.14632 0.099676 0.00596398 || (46.7839, -20.4604, 1.64106) | 7 | 6.06744 | 0.36504 | 69.0092
27 | fits/1tyq_C_fit_sol_27.pdb | 0.99324 0.0634084 0.0970073 -0.00662224 || (43.7425, 27.4985, -25.5808) | 7 | 6.06744 | 0.360103 | 70.7261
28 | fits/1tyq_C_fit_sol_28.pdb | 0.990564 0.0261561 0.102756 -0.0868323 || (31.5899, 21.3654, -19.691) | 7 | 6.06749 | 0.360049 | 66.4049
29 | fits/1tyq_C_fit_sol_29.pdb | 0.983289 -0.153025 0.0985248 0.00433135 || (3.83446, -8.00738, 15.5687) | 7 | 6.07991 | 0.349617 | 30.792
