 solution index | solution filename | transformation  | match size | match average distance | cluster size | fitting score | RMSD to reference 
0 | fits/1tyq_B_fit_sol_0.pdb | 0.979313 0.149328 0.131502 0.0367965 || (27.1552, 6.94672, 11.7175) | 5 | 2.4236 | 0.482959 | 46.3021
1 | fits/1tyq_B_fit_sol_1.pdb | 0.981511 -0.148582 0.0881069 0.0824428 || (3.66375, -55.7899, 64.5283) | 5 | 2.42003 | 0.479757 | 35.5012
2 | fits/1tyq_B_fit_sol_2.pdb | 0.98758 -0.0319498 0.128864 0.084013 || (38.5631, -22.7514, 42.4479) | 5 | 2.42361 | 0.474591 | 42.729
3 | fits/1tyq_B_fit_sol_3.pdb | 0.981512 -0.148582 0.0880724 0.0824624 || (48.1317, -30.529, 61.2496) | 5 | 2.4236 | 0.453754 | 44.193
4 | fits/1tyq_B_fit_sol_4.pdb | 0.987579 -0.0319526 0.128884 0.083995 || (-6.39553, -47.2538, 44.5694) | 5 | 2.42003 | 0.45296 | 37.4905
5 | fits/1tyq_B_fit_sol_5.pdb | 0.979309 0.149326 0.131538 0.0367924 || (-20.7959, -10.7512, 8.10582) | 5 | 2.42003 | 0.447128 | 32.0586
6 | fits/1tyq_B_fit_sol_6.pdb | 0.975483 -0.0654033 0.159268 0.137071 || (7.27609, -57.1945, 60.2112) | 5 | 2.42007 | 0.442858 | 39.923
7 | fits/1tyq_B_fit_sol_7.pdb | 0.975493 -0.0653891 0.159228 0.137052 || (48.9184, -28.0097, 53.8811) | 5 | 2.42365 | 0.441468 | 43.1805
8 | fits/1tyq_B_fit_sol_8.pdb | 0.967944 -0.143702 0.0692304 0.194013 || (32.1132, -71.5663, 58.286) | 5 | 2.42007 | 0.427044 | 38.9443
9 | fits/1tyq_B_fit_sol_9.pdb | 0.975484 -0.0549029 0.163703 0.136448 || (8.62155, -28.0661, 41.8903) | 5 | 2.42199 | 0.423272 | 10.489
10 | fits/1tyq_B_fit_sol_10.pdb | 0.973419 0.0711889 0.160571 0.146985 || (4.18638, -13.7315, 14.3983) | 5 | 2.42199 | 0.421459 | 10.007
11 | fits/1tyq_B_fit_sol_11.pdb | 0.987579 -0.0319489 0.128872 0.0840138 || (0.874936, -18.9645, 29.3224) | 5 | 2.42199 | 0.417014 | 6.8962
12 | fits/1tyq_B_fit_sol_12.pdb | 0.966645 -0.131049 0.0872422 0.202022 || (71.5373, -36.482, 54.6998) | 5 | 2.42365 | 0.410446 | 39.7313
13 | fits/1tyq_B_fit_sol_13.pdb | 0.981513 -0.14857 0.0880823 0.0824652 || (11.8984, -31.2986, 44.0931) | 5 | 2.42198 | 0.409862 | 7.22851
14 | fits/1tyq_B_fit_sol_14.pdb | 0.970801 -0.0427678 0.164246 0.169527 || (15.0058, -29.4393, 33.7661) | 5 | 2.4268 | 0.402387 | 8.23308
15 | fits/1tyq_B_fit_sol_15.pdb | 0.967943 -0.143682 0.0692464 0.194028 || (43.4212, -49.7481, 77.672) | 5 | 2.41549 | 0.395625 | 40.5678
16 | fits/1tyq_B_fit_sol_16.pdb | 0.965434 -0.126392 0.121637 0.192786 || (30.0047, -46.1431, 40.0447) | 5 | 2.4268 | 0.382632 | 12.2895
17 | fits/1tyq_B_fit_sol_17.pdb | 0.987585 -0.0319216 0.128846 0.0839998 || (1.38799, -16.5731, 25.6237) | 5 | 2.42679 | 0.382601 | 4.87592
18 | fits/1tyq_B_fit_sol_18.pdb | 0.979312 0.149323 0.131518 0.0367989 || (-9.73778, 19.8508, 2.85831) | 5 | 2.42198 | 0.373516 | 10.7537
19 | fits/1tyq_B_fit_sol_19.pdb | 0.978019 -0.155518 0.0939892 0.10227 || (15.847, -33.6399, 42.1652) | 5 | 2.42679 | 0.36511 | 8.41317
20 | fits/1tyq_B_fit_sol_20.pdb | 0.979301 0.149367 0.131546 0.0368046 || (-0.209041, -7.07998, 31.4673) | 5 | 2.4155 | 0.363912 | 45.823
21 | fits/1tyq_B_fit_sol_21.pdb | 0.987579 -0.0319041 0.128894 0.0840045 || (12.126, -33.0355, 65.442) | 5 | 2.4155 | 0.363052 | 45.4915
22 | fits/1tyq_B_fit_sol_22.pdb | 0.970801 -0.0427134 0.164285 0.169501 || (31.3998, -43.2766, 72.5931) | 5 | 2.4155 | 0.35755 | 47.7691
23 | fits/1tyq_B_fit_sol_23.pdb | 0.966645 -0.131043 0.0872215 0.202031 || (36.0457, -43.0411, 34.7596) | 5 | 2.42679 | 0.357072 | 10.3869
24 | fits/1tyq_B_fit_sol_24.pdb | 0.985325 -0.0265979 0.138838 0.0956592 || (17.4177, -31.8227, 65.3479) | 5 | 2.4155 | 0.35642 | 45.7048
25 | fits/1tyq_B_fit_sol_25.pdb | 0.97802 -0.155512 0.0939881 0.102272 || (60.2338, -40.3278, 32.8369) | 5 | 2.42511 | 0.299632 | 51.2802
26 | fits/1tyq_B_fit_sol_26.pdb | 0.987585 -0.0319311 0.128843 0.0840021 || (44.2441, -23.5887, 10.9097) | 5 | 2.42511 | 0.288286 | 46.9531
27 | fits/1tyq_B_fit_sol_27.pdb | 0.975508 -0.0548844 0.163634 0.136364 || (50.8516, -28.763, 20.517) | 5 | 2.42512 | 0.249564 | 44.4163
28 | fits/1tyq_B_fit_sol_28.pdb | 0.970795 -0.0427522 0.164263 0.16955 || (57.1649, -29.2007, 15.7408) | 5 | 2.42512 | 0.211342 | 44.3958
29 | fits/1tyq_B_fit_sol_29.pdb | 0.987583 -0.0319167 0.128878 0.0839746 || (54.5122, -51.8239, -10.5265) | 5 | 2.41678 | 0.210118 | 74.1023
